0 info it worked if it ends with ok
1 verbose cli [ '/usr/bin/nodejs', '/usr/bin/npm', 'run-script', 'deploy' ]
2 info using npm@3.5.2
3 info using node@v4.2.6
4 verbose run-script [ 'predeploy', 'deploy', 'postdeploy' ]
5 info lifecycle zaya-mobile@1.1.1~predeploy: zaya-mobile@1.1.1
6 silly lifecycle zaya-mobile@1.1.1~predeploy: no script for predeploy, continuing
7 info lifecycle zaya-mobile@1.1.1~deploy: zaya-mobile@1.1.1
8 verbose lifecycle zaya-mobile@1.1.1~deploy: unsafe-perm in lifecycle true
9 verbose lifecycle zaya-mobile@1.1.1~deploy: PATH: /usr/share/npm/bin/node-gyp-bin:/home/kartik/workspace/zaya-mobile/node_modules/.bin:/usr/local/sbin:/usr/local/bin:/usr/sbin:/usr/bin:/sbin:/bin:/usr/games:/usr/local/games:/snap/bin:/home/kartik/android-sdk-linux/tools:/home/kartik/android-sdk-linux/platform-tools
10 verbose lifecycle zaya-mobile@1.1.1~deploy: CWD: /home/kartik/workspace/zaya-mobile
11 silly lifecycle zaya-mobile@1.1.1~deploy: Args: [ '-c', 'bash deploy.sh' ]
12 silly lifecycle zaya-mobile@1.1.1~deploy: Returned: code: 1  signal: null
13 info lifecycle zaya-mobile@1.1.1~deploy: Failed to exec deploy script
14 verbose stack Error: zaya-mobile@1.1.1 deploy: `bash deploy.sh`
14 verbose stack Exit status 1
14 verbose stack     at EventEmitter.<anonymous> (/usr/share/npm/lib/utils/lifecycle.js:232:16)
14 verbose stack     at emitTwo (events.js:87:13)
14 verbose stack     at EventEmitter.emit (events.js:172:7)
14 verbose stack     at ChildProcess.<anonymous> (/usr/share/npm/lib/utils/spawn.js:24:14)
14 verbose stack     at emitTwo (events.js:87:13)
14 verbose stack     at ChildProcess.emit (events.js:172:7)
14 verbose stack     at maybeClose (internal/child_process.js:821:16)
14 verbose stack     at Process.ChildProcess._handle.onexit (internal/child_process.js:211:5)
15 verbose pkgid zaya-mobile@1.1.1
16 verbose cwd /home/kartik/workspace/zaya-mobile
17 error Linux 4.4.0-22-generic
18 error argv "/usr/bin/nodejs" "/usr/bin/npm" "run-script" "deploy"
19 error node v4.2.6
20 error npm  v3.5.2
21 error code ELIFECYCLE
22 error zaya-mobile@1.1.1 deploy: `bash deploy.sh`
22 error Exit status 1
23 error Failed at the zaya-mobile@1.1.1 deploy script 'bash deploy.sh'.
23 error Make sure you have the latest version of node.js and npm installed.
23 error If you do, this is most likely a problem with the zaya-mobile package,
23 error not with npm itself.
23 error Tell the author that this fails on your system:
23 error     bash deploy.sh
23 error You can get information on how to open an issue for this project with:
23 error     npm bugs zaya-mobile
23 error Or if that isn't available, you can get their info via:
23 error     npm owner ls zaya-mobile
23 error There is likely additional logging output above.
24 verbose exit [ 1, true ]
